13:17:32 [INFO ] core.DslCore                             : 93   - Plugin 'net.certiv.fluent.dt.core' starting.
13:31:28 [DEBUG] core.preferences.PrefsAdapter            : 660  - net.certiv.fluent.dt.core.commentML: '' -> '63,127,95'
13:31:28 [DEBUG] core.preferences.PrefsAdapter            : 660  - net.certiv.fluent.dt.core.commentML_dark: '' -> '63,127,95'
13:31:28 [DEBUG] core.preferences.PrefsAdapter            : 660  - net.certiv.fluent.dt.core.commentSL: '' -> '63,127,95'
13:31:28 [DEBUG] core.preferences.PrefsAdapter            : 660  - net.certiv.fluent.dt.core.commentSL_dark: '' -> '63,127,95'
13:31:28 [DEBUG] core.preferences.PrefsAdapter            : 660  - net.certiv.fluent.dt.core.commentJD: '' -> '0,128,192'
13:31:28 [DEBUG] core.preferences.PrefsAdapter            : 660  - net.certiv.fluent.dt.core.commentJD_dark: '' -> '0,128,192'
13:31:28 [DEBUG] core.preferences.PrefsAdapter            : 660  - net.certiv.fluent.dt.core.keyWords: '' -> '127,0,85'
13:31:28 [DEBUG] core.preferences.PrefsAdapter            : 660  - net.certiv.fluent.dt.core.keyWords_dark: '' -> '77,154,6'
13:31:28 [DEBUG] core.preferences.PrefsAdapter            : 660  - net.certiv.fluent.dt.core.symbols: '' -> '170,0,170'
13:31:28 [DEBUG] core.preferences.PrefsAdapter            : 660  - net.certiv.fluent.dt.core.symbols_dark: '' -> '77,154,6'
13:31:28 [DEBUG] core.preferences.PrefsAdapter            : 660  - net.certiv.fluent.dt.core.string: '' -> '42,0,255'
13:31:28 [DEBUG] core.preferences.PrefsAdapter            : 660  - net.certiv.fluent.dt.core.string_dark: '' -> '42,0,255'
13:31:28 [DEBUG] core.preferences.PrefsAdapter            : 660  - net.certiv.fluent.dt.core.codeassist_proposals_background: '' -> '255,255,255'
13:31:28 [DEBUG] core.preferences.PrefsAdapter            : 660  - net.certiv.fluent.dt.core.codeassist_proposals_foreground: '' -> '0,0,0'
13:31:28 [DEBUG] core.preferences.PrefsAdapter            : 660  - net.certiv.fluent.dt.core.codeassist_parameters_background: '' -> '255,255,255'
13:31:28 [DEBUG] core.preferences.PrefsAdapter            : 660  - net.certiv.fluent.dt.core.codeassist_parameters_foreground: '' -> '0,0,0'
13:31:28 [DEBUG] core.preferences.PrefsAdapter            : 660  - net.certiv.fluent.dt.core.codeassist_completion_replacement_background: '' -> '255,255,85'
13:31:28 [DEBUG] core.preferences.PrefsAdapter            : 660  - net.certiv.fluent.dt.core.codeassist_completion_replacement_foreground: '' -> '255,0,0'
13:31:28 [DEBUG] core.preferences.PrefsAdapter            : 660  - net.certiv.fluent.dt.core.consoleFgError: '' -> '255,0,0'
13:31:28 [DEBUG] core.preferences.PrefsAdapter            : 660  - net.certiv.fluent.dt.core.consoleFgWarn: '' -> '255,128,64'
13:31:28 [DEBUG] core.preferences.PrefsAdapter            : 660  - net.certiv.fluent.dt.core.consoleFgInfo: '' -> '0,0,170'
13:31:28 [DEBUG] core.preferences.PrefsAdapter            : 660  - net.certiv.fluent.dt.core.consoleFgDebug: '' -> '0,64,0'
13:31:28 [DEBUG] core.preferences.PrefsAdapter            : 660  - net.certiv.fluent.dt.core.consoleFgNormal: '' -> '0,0,0'
13:31:28 [DEBUG] core.preferences.PrefsAdapter            : 660  - net.certiv.fluent.dt.core.consoleBackground: '' -> '255,255,255'
13:31:28 [DEBUG] core.preferences.PrefsAdapter            : 660  - net.certiv.fluent.dt.core.editor.matching_brackets_color: '' -> '192,192,192'
13:31:28 [DEBUG] core.preferences.PrefsAdapter            : 660  - net.certiv.fluent.dt.core.sourceHoverBackgroundColor: '' -> '255,255,225'
13:31:28 [DEBUG] core.preferences.PrefsAdapter            : 660  - net.certiv.fluent.dt.core.defaultColor: '' -> '0,0,0'
13:31:28 [DEBUG] core.preferences.PrefsAdapter            : 660  - net.certiv.fluent.dt.core.frontMatterColor: '' -> '128,0,0'
13:31:28 [DEBUG] core.preferences.PrefsAdapter            : 660  - net.certiv.fluent.dt.core.visibleCommentColor: '' -> '128,0,0'
13:31:28 [DEBUG] core.preferences.PrefsAdapter            : 660  - net.certiv.fluent.dt.core.hiddenCommentColor: '' -> '128,0,0'
13:31:28 [DEBUG] core.preferences.PrefsAdapter            : 660  - net.certiv.fluent.dt.core.headerColor: '' -> '0,128,0'
13:31:28 [DEBUG] core.preferences.PrefsAdapter            : 660  - net.certiv.fluent.dt.core.listColor: '' -> '0,0,0'
13:31:28 [DEBUG] core.preferences.PrefsAdapter            : 660  - net.certiv.fluent.dt.core.linkColor: '' -> '106,131,199'
13:31:28 [DEBUG] core.preferences.PrefsAdapter            : 660  - net.certiv.fluent.dt.core.hruleColor: '' -> '106,131,199'
13:31:28 [DEBUG] core.preferences.PrefsAdapter            : 660  - net.certiv.fluent.dt.core.boldColor: '' -> '0,0,0'
13:31:28 [DEBUG] core.preferences.PrefsAdapter            : 660  - net.certiv.fluent.dt.core.italicColor: '' -> '0,0,0'
13:31:28 [DEBUG] core.preferences.PrefsAdapter            : 660  - net.certiv.fluent.dt.core.strikeoutColor: '' -> '0,0,0'
13:31:28 [DEBUG] core.preferences.PrefsAdapter            : 660  - net.certiv.fluent.dt.core.htmlKeywordColor: '' -> '127,0,85'
13:31:28 [DEBUG] core.preferences.PrefsAdapter            : 660  - net.certiv.fluent.dt.core.htmlSymbolColor: '' -> '96,96,128'
13:31:28 [DEBUG] core.preferences.PrefsAdapter            : 660  - net.certiv.fluent.dt.core.htmlStringColor: '' -> '42,0,255'
13:31:28 [DEBUG] core.preferences.PrefsAdapter            : 660  - net.certiv.fluent.dt.core.htmlBackgroundColor: '' -> '0,0,0'
13:31:28 [DEBUG] core.preferences.PrefsAdapter            : 660  - net.certiv.fluent.dt.core.codeColor: '' -> '0,0,0'
13:31:29 [DEBUG] core.preferences.PrefsAdapter            : 660  - net.certiv.fluent.dt.core.codeblockColor: '' -> '0,0,0'
13:31:29 [DEBUG] core.preferences.PrefsAdapter            : 660  - net.certiv.fluent.dt.core.dotKeywordColor: '' -> '127,0,85'
13:31:29 [DEBUG] core.preferences.PrefsAdapter            : 660  - net.certiv.fluent.dt.core.dotAttribsColor: '' -> '127,0,85'
13:31:29 [DEBUG] core.preferences.PrefsAdapter            : 660  - net.certiv.fluent.dt.core.dotSymbolColor: '' -> '96,96,128'
13:31:29 [DEBUG] core.preferences.PrefsAdapter            : 660  - net.certiv.fluent.dt.core.dotCommentColor: '' -> '128,0,0'
13:31:29 [DEBUG] core.preferences.PrefsAdapter            : 660  - net.certiv.fluent.dt.core.dotStringColor: '' -> '42,0,255'
13:31:29 [DEBUG] core.preferences.PrefsAdapter            : 660  - net.certiv.fluent.dt.core.dotBackgroundColor: '' -> '0,0,0'
13:31:29 [DEBUG] core.preferences.PrefsAdapter            : 660  - net.certiv.fluent.dt.core.umlKeywordColor: '' -> '127,0,85'
13:31:29 [DEBUG] core.preferences.PrefsAdapter            : 660  - net.certiv.fluent.dt.core.umlAttribsColor: '' -> '127,0,85'
13:31:29 [DEBUG] core.preferences.PrefsAdapter            : 660  - net.certiv.fluent.dt.core.umlSymbolColor: '' -> '96,96,128'
13:31:29 [DEBUG] core.preferences.PrefsAdapter            : 660  - net.certiv.fluent.dt.core.umlCommentColor: '' -> '128,0,0'
13:31:29 [DEBUG] core.preferences.PrefsAdapter            : 660  - net.certiv.fluent.dt.core.umlStringColor: '' -> '42,0,255'
13:31:29 [DEBUG] core.preferences.PrefsAdapter            : 660  - net.certiv.fluent.dt.core.umlBackgroundColor: '' -> '0,0,0'
13:31:29 [DEBUG] core.preferences.PrefsAdapter            : 660  - net.certiv.fluent.dt.core.codeBackgroundColor: '' -> '244,244,244'
13:31:29 [DEBUG] core.preferences.PrefsAdapter            : 660  - net.certiv.fluent.dt.core.codeblockBackgroundColor: '' -> '244,244,244'
13:31:29 [DEBUG] core.preferences.PrefsAdapter            : 660  - net.certiv.fluent.dt.core.mathKeywordColor: '' -> '127,0,85'
13:31:29 [DEBUG] core.preferences.PrefsAdapter            : 660  - net.certiv.fluent.dt.core.mathSymbolColor: '' -> '96,96,128'
13:31:29 [DEBUG] core.preferences.PrefsAdapter            : 660  - net.certiv.fluent.dt.core.mathCommentColor: '' -> '128,0,0'
